This is XeTeX, Version 3.141592653-2.6-0.999993 (TeX Live 2021/W32TeX) (preloaded format=xelatex 2021.4.21)  21 APR 2021 13:55
entering extended mode
 restricted \write18 enabled.
 %&-line parsing enabled.
**OMG.tex
(./OMG.tex
LaTeX2e <2020-10-01> patch level 4
L3 programming layer <2021-02-18>
(c:/Users/Noah.Pomeroy/AppData/Roaming/TinyTeX/texmf-dist/tex/latex/base/book.c
ls
Document Class: book 2020/04/10 v1.4m Standard LaTeX document class

(c:/Users/Noah.Pomeroy/AppData/Roaming/TinyTeX/texmf-dist/tex/latex/base/bk10.c
lo
File: bk10.clo 2020/04/10 v1.4m Standard LaTeX file (size option)
)
\c@part=\count175
\c@chapter=\count176
\c@section=\count177
\c@subsection=\count178
\c@subsubsection=\count179
\c@paragraph=\count180
\c@subparagraph=\count181
\c@figure=\count182
\c@table=\count183
\abovecaptionskip=\skip47
\belowcaptionskip=\skip48
\bibindent=\dimen138
)
(c:/Users/Noah.Pomeroy/AppData/Roaming/TinyTeX/texmf-dist/tex/latex/amsmath/ams
math.sty
Package: amsmath 2020/09/23 v2.17i AMS math features
\@mathmargin=\skip49
For additional information on amsmath, use the `?' option.

(c:/Users/Noah.Pomeroy/AppData/Roaming/TinyTeX/texmf-dist/tex/latex/amsmath/ams
text.sty
Package: amstext 2000/06/29 v2.01 AMS text

(c:/Users/Noah.Pomeroy/AppData/Roaming/TinyTeX/texmf-dist/tex/latex/amsmath/ams
gen.sty
File: amsgen.sty 1999/11/30 v2.0 generic functions
\@emptytoks=\toks15
\ex@=\dimen139
))
(c:/Users/Noah.Pomeroy/AppData/Roaming/TinyTeX/texmf-dist/tex/latex/amsmath/ams
bsy.sty
Package: amsbsy 1999/11/29 v1.2d Bold Symbols
\pmbraise@=\dimen140
)
(c:/Users/Noah.Pomeroy/AppData/Roaming/TinyTeX/texmf-dist/tex/latex/amsmath/ams
opn.sty
Package: amsopn 2016/03/08 v2.02 operator names
)
\inf@bad=\count184
LaTeX Info: Redefining \frac on input line 234.
\uproot@=\count185
\leftroot@=\count186
LaTeX Info: Redefining \overline on input line 399.
\classnum@=\count187
\DOTSCASE@=\count188
LaTeX Info: Redefining \ldots on input line 496.
LaTeX Info: Redefining \dots on input line 499.
LaTeX Info: Redefining \cdots on input line 620.
\Mathstrutbox@=\box47
\strutbox@=\box48
\big@size=\dimen141
LaTeX Font Info:    Redeclaring font encoding OML on input line 743.
LaTeX Font Info:    Redeclaring font encoding OMS on input line 744.
\macc@depth=\count189
\c@MaxMatrixCols=\count190
\dotsspace@=\muskip16
\c@parentequation=\count191
\dspbrk@lvl=\count192
\tag@help=\toks16
\row@=\count193
\column@=\count194
\maxfields@=\count195
\andhelp@=\toks17
\eqnshift@=\dimen142
\alignsep@=\dimen143
\tagshift@=\dimen144
\tagwidth@=\dimen145
\totwidth@=\dimen146
\lineht@=\dimen147
\@envbody=\toks18
\multlinegap=\skip50
\multlinetaggap=\skip51
\mathdisplay@stack=\toks19
LaTeX Info: Redefining \[ on input line 2923.
LaTeX Info: Redefining \] on input line 2924.
)
(c:/Users/Noah.Pomeroy/AppData/Roaming/TinyTeX/texmf-dist/tex/latex/amsfonts/am
ssymb.sty
Package: amssymb 2013/01/14 v3.01 AMS font symbols

(c:/Users/Noah.Pomeroy/AppData/Roaming/TinyTeX/texmf-dist/tex/latex/amsfonts/am
sfonts.sty
Package: amsfonts 2013/01/14 v3.01 Basic AMSFonts support
\symAMSa=\mathgroup4
\symAMSb=\mathgroup5
LaTeX Font Info:    Redeclaring math symbol \hbar on input line 98.
LaTeX Font Info:    Overwriting math alphabet `\mathfrak' in version `bold'
(Font)                  U/euf/m/n --> U/euf/b/n on input line 106.
))
(c:/Users/Noah.Pomeroy/AppData/Roaming/TinyTeX/texmf-dist/tex/latex/lm/lmodern.
sty
Package: lmodern 2015/05/01 v1.6.1 Latin Modern Fonts
LaTeX Font Info:    Overwriting symbol font `operators' in version `normal'
(Font)                  OT1/cmr/m/n --> OT1/lmr/m/n on input line 22.
LaTeX Font Info:    Overwriting symbol font `letters' in version `normal'
(Font)                  OML/cmm/m/it --> OML/lmm/m/it on input line 23.
LaTeX Font Info:    Overwriting symbol font `symbols' in version `normal'
(Font)                  OMS/cmsy/m/n --> OMS/lmsy/m/n on input line 24.
LaTeX Font Info:    Overwriting symbol font `largesymbols' in version `normal'
(Font)                  OMX/cmex/m/n --> OMX/lmex/m/n on input line 25.
LaTeX Font Info:    Overwriting symbol font `operators' in version `bold'
(Font)                  OT1/cmr/bx/n --> OT1/lmr/bx/n on input line 26.
LaTeX Font Info:    Overwriting symbol font `letters' in version `bold'
(Font)                  OML/cmm/b/it --> OML/lmm/b/it on input line 27.
LaTeX Font Info:    Overwriting symbol font `symbols' in version `bold'
(Font)                  OMS/cmsy/b/n --> OMS/lmsy/b/n on input line 28.
LaTeX Font Info:    Overwriting symbol font `largesymbols' in version `bold'
(Font)                  OMX/cmex/m/n --> OMX/lmex/m/n on input line 29.
LaTeX Font Info:    Overwriting math alphabet `\mathbf' in version `normal'
(Font)                  OT1/cmr/bx/n --> OT1/lmr/bx/n on input line 31.
LaTeX Font Info:    Overwriting math alphabet `\mathsf' in version `normal'
(Font)                  OT1/cmss/m/n --> OT1/lmss/m/n on input line 32.
LaTeX Font Info:    Overwriting math alphabet `\mathit' in version `normal'
(Font)                  OT1/cmr/m/it --> OT1/lmr/m/it on input line 33.
LaTeX Font Info:    Overwriting math alphabet `\mathtt' in version `normal'
(Font)                  OT1/cmtt/m/n --> OT1/lmtt/m/n on input line 34.
LaTeX Font Info:    Overwriting math alphabet `\mathbf' in version `bold'
(Font)                  OT1/cmr/bx/n --> OT1/lmr/bx/n on input line 35.
LaTeX Font Info:    Overwriting math alphabet `\mathsf' in version `bold'
(Font)                  OT1/cmss/bx/n --> OT1/lmss/bx/n on input line 36.
LaTeX Font Info:    Overwriting math alphabet `\mathit' in version `bold'
(Font)                  OT1/cmr/bx/it --> OT1/lmr/bx/it on input line 37.
LaTeX Font Info:    Overwriting math alphabet `\mathtt' in version `bold'
(Font)                  OT1/cmtt/m/n --> OT1/lmtt/m/n on input line 38.
)
(c:/Users/Noah.Pomeroy/AppData/Roaming/TinyTeX/texmf-dist/tex/generic/iftex/ifx
etex.sty
Package: ifxetex 2019/10/25 v0.7 ifxetex legacy package. Use iftex instead.

(c:/Users/Noah.Pomeroy/AppData/Roaming/TinyTeX/texmf-dist/tex/generic/iftex/ift
ex.sty
Package: iftex 2020/03/06 v1.0d TeX engine tests
))
(c:/Users/Noah.Pomeroy/AppData/Roaming/TinyTeX/texmf-dist/tex/generic/iftex/ifl
uatex.sty
Package: ifluatex 2019/10/25 v1.5 ifluatex legacy package. Use iftex instead.
)
(c:/Users/Noah.Pomeroy/AppData/Roaming/TinyTeX/texmf-dist/tex/latex/unicode-mat
h/unicode-math.sty
(c:/Users/Noah.Pomeroy/AppData/Roaming/TinyTeX/texmf-dist/tex/latex/l3kernel/ex
pl3.sty
Package: expl3 2021-02-18 L3 programming layer (loader) 

(c:/Users/Noah.Pomeroy/AppData/Roaming/TinyTeX/texmf-dist/tex/latex/l3backend/l
3backend-xetex.def
File: l3backend-xetex.def 2021-03-18 L3 backend support: XeTeX
(|extractbb --version)
\c__kernel_sys_dvipdfmx_version_int=\count196
\l__color_backend_stack_int=\count197
\g__color_backend_stack_int=\count198
\g__graphics_track_int=\count199
\l__pdf_internal_box=\box49
\g__pdf_backend_object_int=\count266
\g__pdf_backend_annotation_int=\count267
\g__pdf_backend_link_int=\count268
))
Package: unicode-math 2020/01/31 v0.8q Unicode maths in XeLaTeX and LuaLaTeX

(c:/Users/Noah.Pomeroy/AppData/Roaming/TinyTeX/texmf-dist/tex/latex/unicode-mat
h/unicode-math-xetex.sty
Package: unicode-math-xetex 2020/01/31 v0.8q Unicode maths in XeLaTeX and LuaLa
TeX

(c:/Users/Noah.Pomeroy/AppData/Roaming/TinyTeX/texmf-dist/tex/latex/l3packages/
xparse/xparse.sty
(c:/Users/Noah.Pomeroy/AppData/Roaming/TinyTeX/texmf-dist/tex/latex/l3packages/
xparse/xparse-2020-10-01.sty
(c:/Users/Noah.Pomeroy/AppData/Roaming/TinyTeX/texmf-dist/tex/latex/l3packages/
xparse/xparse-generic.tex)))
(c:/Users/Noah.Pomeroy/AppData/Roaming/TinyTeX/texmf-dist/tex/latex/l3packages/
l3keys2e/l3keys2e.sty
Package: l3keys2e 2021-03-12 LaTeX2e option processing using LaTeX3 keys
)
(c:/Users/Noah.Pomeroy/AppData/Roaming/TinyTeX/texmf-dist/tex/latex/fontspec/fo
ntspec.sty
Package: fontspec 2020/02/21 v2.7i Font selection for XeLaTeX and LuaLaTeX

(c:/Users/Noah.Pomeroy/AppData/Roaming/TinyTeX/texmf-dist/tex/latex/fontspec/fo
ntspec-xetex.sty
Package: fontspec-xetex 2020/02/21 v2.7i Font selection for XeLaTeX and LuaLaTe
X
\l__fontspec_script_int=\count269
\l__fontspec_language_int=\count270
\l__fontspec_strnum_int=\count271
\l__fontspec_tmp_int=\count272
\l__fontspec_tmpa_int=\count273
\l__fontspec_tmpb_int=\count274
\l__fontspec_tmpc_int=\count275
\l__fontspec_em_int=\count276
\l__fontspec_emdef_int=\count277
\l__fontspec_strong_int=\count278
\l__fontspec_strongdef_int=\count279
\l__fontspec_tmpa_dim=\dimen148
\l__fontspec_tmpb_dim=\dimen149
\l__fontspec_tmpc_dim=\dimen150

(c:/Users/Noah.Pomeroy/AppData/Roaming/TinyTeX/texmf-dist/tex/latex/base/fonten
c.sty
Package: fontenc 2020/08/10 v2.0s Standard LaTeX package
)
(c:/Users/Noah.Pomeroy/AppData/Roaming/TinyTeX/texmf-dist/tex/latex/fontspec/fo
ntspec.cfg)))
(c:/Users/Noah.Pomeroy/AppData/Roaming/TinyTeX/texmf-dist/tex/latex/base/fix-cm
.sty
Package: fix-cm 2015/01/14 v1.1t fixes to LaTeX

(c:/Users/Noah.Pomeroy/AppData/Roaming/TinyTeX/texmf-dist/tex/latex/base/ts1enc
.def
File: ts1enc.def 2001/06/05 v3.0e (jk/car/fm) Standard LaTeX file
LaTeX Font Info:    Redeclaring font encoding TS1 on input line 47.
))
\g__um_fam_int=\count280
\g__um_fonts_used_int=\count281
\l__um_primecount_int=\count282
\g__um_primekern_muskip=\muskip17

(c:/Users/Noah.Pomeroy/AppData/Roaming/TinyTeX/texmf-dist/tex/latex/unicode-mat
h/unicode-math-table.tex)))
(c:/Users/Noah.Pomeroy/AppData/Roaming/TinyTeX/texmf-dist/tex/latex/upquote/upq
uote.sty
Package: upquote 2012/04/19 v1.3 upright-quote and grave-accent glyphs in verba
tim

(c:/Users/Noah.Pomeroy/AppData/Roaming/TinyTeX/texmf-dist/tex/latex/base/textco
mp.sty
Package: textcomp 2020/02/02 v2.0n Standard LaTeX package
))
(c:/Users/Noah.Pomeroy/AppData/Roaming/TinyTeX/texmf-dist/tex/latex/xcolor/xcol
or.sty
Package: xcolor 2016/05/11 v2.12 LaTeX color extensions (UK)

(c:/Users/Noah.Pomeroy/AppData/Roaming/TinyTeX/texmf-dist/tex/latex/graphics-cf
g/color.cfg
File: color.cfg 2016/01/02 v1.6 sample color configuration
)
Package xcolor Info: Driver file: xetex.def on input line 225.

(c:/Users/Noah.Pomeroy/AppData/Roaming/TinyTeX/texmf-dist/tex/latex/graphics-de
f/xetex.def
File: xetex.def 2021/03/18 v5.0k Graphics/color driver for xetex
)
Package xcolor Info: Model `cmy' substituted by `cmy0' on input line 1348.
Package xcolor Info: Model `RGB' extended on input line 1364.
Package xcolor Info: Model `HTML' substituted by `rgb' on input line 1366.
Package xcolor Info: Model `Hsb' substituted by `hsb' on input line 1367.
Package xcolor Info: Model `tHsb' substituted by `hsb' on input line 1368.
Package xcolor Info: Model `HSB' substituted by `hsb' on input line 1369.
Package xcolor Info: Model `Gray' substituted by `gray' on input line 1370.
Package xcolor Info: Model `wave' substituted by `hsb' on input line 1371.
)
(c:/Users/Noah.Pomeroy/AppData/Roaming/TinyTeX/texmf-dist/tex/latex/hyperref/hy
perref.sty
Package: hyperref 2021-02-27 v7.00k Hypertext links for LaTeX

(c:/Users/Noah.Pomeroy/AppData/Roaming/TinyTeX/texmf-dist/tex/generic/ltxcmds/l
txcmds.sty
Package: ltxcmds 2020-05-10 v1.25 LaTeX kernel commands for general use (HO)
)
(c:/Users/Noah.Pomeroy/AppData/Roaming/TinyTeX/texmf-dist/tex/generic/pdftexcmd
s/pdftexcmds.sty
Package: pdftexcmds 2020-06-27 v0.33 Utility functions of pdfTeX for LuaTeX (HO
)

(c:/Users/Noah.Pomeroy/AppData/Roaming/TinyTeX/texmf-dist/tex/generic/infwarerr
/infwarerr.sty
Package: infwarerr 2019/12/03 v1.5 Providing info/warning/error messages (HO)
)
Package pdftexcmds Info: \pdf@primitive is available.
Package pdftexcmds Info: \pdf@ifprimitive is available.
Package pdftexcmds Info: \pdfdraftmode not found.
)
(c:/Users/Noah.Pomeroy/AppData/Roaming/TinyTeX/texmf-dist/tex/latex/graphics/ke
yval.sty
Package: keyval 2014/10/28 v1.15 key=value parser (DPC)
\KV@toks@=\toks20
)
(c:/Users/Noah.Pomeroy/AppData/Roaming/TinyTeX/texmf-dist/tex/generic/kvsetkeys
/kvsetkeys.sty
Package: kvsetkeys 2019/12/15 v1.18 Key value parser (HO)
)
(c:/Users/Noah.Pomeroy/AppData/Roaming/TinyTeX/texmf-dist/tex/generic/kvdefinek
eys/kvdefinekeys.sty
Package: kvdefinekeys 2019-12-19 v1.6 Define keys (HO)
)
(c:/Users/Noah.Pomeroy/AppData/Roaming/TinyTeX/texmf-dist/tex/generic/pdfescape
/pdfescape.sty
Package: pdfescape 2019/12/09 v1.15 Implements pdfTeX's escape features (HO)
)
(c:/Users/Noah.Pomeroy/AppData/Roaming/TinyTeX/texmf-dist/tex/latex/hycolor/hyc
olor.sty
Package: hycolor 2020-01-27 v1.10 Color options for hyperref/bookmark (HO)
)
(c:/Users/Noah.Pomeroy/AppData/Roaming/TinyTeX/texmf-dist/tex/latex/letltxmacro
/letltxmacro.sty
Package: letltxmacro 2019/12/03 v1.6 Let assignment for LaTeX macros (HO)
)
(c:/Users/Noah.Pomeroy/AppData/Roaming/TinyTeX/texmf-dist/tex/latex/auxhook/aux
hook.sty
Package: auxhook 2019-12-17 v1.6 Hooks for auxiliary files (HO)
)
(c:/Users/Noah.Pomeroy/AppData/Roaming/TinyTeX/texmf-dist/tex/latex/kvoptions/k
voptions.sty
Package: kvoptions 2020-10-07 v3.14 Key value format for package options (HO)
)
\@linkdim=\dimen151
\Hy@linkcounter=\count283
\Hy@pagecounter=\count284

(c:/Users/Noah.Pomeroy/AppData/Roaming/TinyTeX/texmf-dist/tex/latex/hyperref/pd
1enc.def
File: pd1enc.def 2021-02-27 v7.00k Hyperref: PDFDocEncoding definition (HO)
)
(c:/Users/Noah.Pomeroy/AppData/Roaming/TinyTeX/texmf-dist/tex/latex/hyperref/hy
perref-langpatches.def
File: hyperref-langpatches.def 2021-02-27 v7.00k Hyperref: patches for babel la
nguages
)
(c:/Users/Noah.Pomeroy/AppData/Roaming/TinyTeX/texmf-dist/tex/generic/intcalc/i
ntcalc.sty
Package: intcalc 2019/12/15 v1.3 Expandable calculations with integers (HO)
)
(c:/Users/Noah.Pomeroy/AppData/Roaming/TinyTeX/texmf-dist/tex/generic/etexcmds/
etexcmds.sty
Package: etexcmds 2019/12/15 v1.7 Avoid name clashes with e-TeX commands (HO)
)
\Hy@SavedSpaceFactor=\count285

(c:/Users/Noah.Pomeroy/AppData/Roaming/TinyTeX/texmf-dist/tex/latex/hyperref/pu
enc.def
File: puenc.def 2021-02-27 v7.00k Hyperref: PDF Unicode definition (HO)
)
Package hyperref Info: Option `unicode' set `true' on input line 4073.
Package hyperref Info: Hyper figures OFF on input line 4192.
Package hyperref Info: Link nesting OFF on input line 4197.
Package hyperref Info: Hyper index ON on input line 4200.
Package hyperref Info: Plain pages OFF on input line 4207.
Package hyperref Info: Backreferencing OFF on input line 4212.
Package hyperref Info: Implicit mode ON; LaTeX internals redefined.
Package hyperref Info: Bookmarks ON on input line 4445.
\c@Hy@tempcnt=\count286

(c:/Users/Noah.Pomeroy/AppData/Roaming/TinyTeX/texmf-dist/tex/latex/url/url.sty
\Urlmuskip=\muskip18
Package: url 2013/09/16  ver 3.4  Verb mode for urls, etc.
)
LaTeX Info: Redefining \url on input line 4804.
\XeTeXLinkMargin=\dimen152

(c:/Users/Noah.Pomeroy/AppData/Roaming/TinyTeX/texmf-dist/tex/generic/bitset/bi
tset.sty
Package: bitset 2019/12/09 v1.3 Handle bit-vector datatype (HO)

(c:/Users/Noah.Pomeroy/AppData/Roaming/TinyTeX/texmf-dist/tex/generic/bigintcal
c/bigintcalc.sty
Package: bigintcalc 2019/12/15 v1.5 Expandable calculations on big integers (HO
)
))
\Fld@menulength=\count287
\Field@Width=\dimen153
\Fld@charsize=\dimen154
Package hyperref Info: Hyper figures OFF on input line 6075.
Package hyperref Info: Link nesting OFF on input line 6080.
Package hyperref Info: Hyper index ON on input line 6083.
Package hyperref Info: backreferencing OFF on input line 6090.
Package hyperref Info: Link coloring OFF on input line 6095.
Package hyperref Info: Link coloring with OCG OFF on input line 6100.
Package hyperref Info: PDF/A mode OFF on input line 6105.
LaTeX Info: Redefining \ref on input line 6145.
LaTeX Info: Redefining \pageref on input line 6149.

(c:/Users/Noah.Pomeroy/AppData/Roaming/TinyTeX/texmf-dist/tex/latex/base/atbegs
hi-ltx.sty
Package: atbegshi-ltx 2020/08/17 v1.0a Emulation of the original atbegshi packa
ge
with kernel methods
)
\Hy@abspage=\count288
\c@Item=\count289
\c@Hfootnote=\count290
)
Package hyperref Info: Driver (autodetected): hxetex.

(c:/Users/Noah.Pomeroy/AppData/Roaming/TinyTeX/texmf-dist/tex/latex/hyperref/hx
etex.def
File: hxetex.def 2021-02-27 v7.00k Hyperref driver for XeTeX

(c:/Users/Noah.Pomeroy/AppData/Roaming/TinyTeX/texmf-dist/tex/generic/stringenc
/stringenc.sty
Package: stringenc 2019/11/29 v1.12 Convert strings between diff. encodings (HO
)
)
\pdfm@box=\box50
\c@Hy@AnnotLevel=\count291
\HyField@AnnotCount=\count292
\Fld@listcount=\count293
\c@bookmark@seq@number=\count294

(c:/Users/Noah.Pomeroy/AppData/Roaming/TinyTeX/texmf-dist/tex/latex/rerunfilech
eck/rerunfilecheck.sty
Package: rerunfilecheck 2019/12/05 v1.9 Rerun checks for auxiliary files (HO)

(c:/Users/Noah.Pomeroy/AppData/Roaming/TinyTeX/texmf-dist/tex/latex/base/atvery
end-ltx.sty
Package: atveryend-ltx 2020/08/19 v1.0a Emulation of the original atvery packag
e
with kernel methods
)
(c:/Users/Noah.Pomeroy/AppData/Roaming/TinyTeX/texmf-dist/tex/generic/uniquecou
nter/uniquecounter.sty
Package: uniquecounter 2019/12/15 v1.4 Provide unlimited unique counter (HO)
)
Package uniquecounter Info: New unique counter `rerunfilecheck' on input line 2
86.
)
\Hy@SectionHShift=\skip52
)
(c:/Users/Noah.Pomeroy/AppData/Roaming/TinyTeX/texmf-dist/tex/latex/fancyvrb/fa
ncyvrb.sty
Package: fancyvrb 2021/01/20 v3.7 verbatim text (tvz,hv)
\FV@CodeLineNo=\count295
\FV@InFile=\read2
\FV@TabBox=\box51
\c@FancyVerbLine=\count296
\FV@StepNumber=\count297
\FV@OutFile=\write3
)
(c:/Users/Noah.Pomeroy/AppData/Roaming/TinyTeX/texmf-dist/tex/latex/framed/fram
ed.sty
Package: framed 2011/10/22 v 0.96: framed or shaded text with page breaks
\OuterFrameSep=\skip53
\fb@frw=\dimen155
\fb@frh=\dimen156
\FrameRule=\dimen157
\FrameSep=\dimen158
)
(c:/Users/Noah.Pomeroy/AppData/Roaming/TinyTeX/texmf-dist/tex/latex/tools/longt
able.sty
Package: longtable 2020/01/07 v4.13 Multi-page Table package (DPC)
\LTleft=\skip54
\LTright=\skip55
\LTpre=\skip56
\LTpost=\skip57
\LTchunksize=\count298
\LTcapwidth=\dimen159
\LT@head=\box52
\LT@firsthead=\box53
\LT@foot=\box54
\LT@lastfoot=\box55
\LT@cols=\count299
\LT@rows=\count300
\c@LT@tables=\count301
\c@LT@chunks=\count302
\LT@p@ftn=\toks21
)
(c:/Users/Noah.Pomeroy/AppData/Roaming/TinyTeX/texmf-dist/tex/latex/booktabs/bo
oktabs.sty
Package: booktabs 2020/01/12 v1.61803398 Publication quality tables
\heavyrulewidth=\dimen160
\lightrulewidth=\dimen161
\cmidrulewidth=\dimen162
\belowrulesep=\dimen163
\belowbottomsep=\dimen164
\aboverulesep=\dimen165
\abovetopsep=\dimen166
\cmidrulesep=\dimen167
\cmidrulekern=\dimen168
\defaultaddspace=\dimen169
\@cmidla=\count303
\@cmidlb=\count304
\@aboverulesep=\dimen170
\@belowrulesep=\dimen171
\@thisruleclass=\count305
\@lastruleclass=\count306
\@thisrulewidth=\dimen172
)
(c:/Users/Noah.Pomeroy/AppData/Roaming/TinyTeX/texmf-dist/tex/latex/tools/array
.sty
Package: array 2020/10/01 v2.5c Tabular extension package (FMi)
\col@sep=\dimen173
\ar@mcellbox=\box56
\extrarowheight=\dimen174
\NC@list=\toks22
\extratabsurround=\skip58
\backup@length=\skip59
\ar@cellbox=\box57
)
(c:/Users/Noah.Pomeroy/AppData/Roaming/TinyTeX/texmf-dist/tex/latex/tools/calc.
sty
Package: calc 2017/05/25 v4.3 Infix arithmetic (KKT,FJ)
\calc@Acount=\count307
\calc@Bcount=\count308
\calc@Adimen=\dimen175
\calc@Bdimen=\dimen176
\calc@Askip=\skip60
\calc@Bskip=\skip61
LaTeX Info: Redefining \setlength on input line 80.
LaTeX Info: Redefining \addtolength on input line 81.
\calc@Ccount=\count309
\calc@Cskip=\skip62
)
(c:/Users/Noah.Pomeroy/AppData/Roaming/TinyTeX/texmf-dist/tex/latex/etoolbox/et
oolbox.sty
Package: etoolbox 2020/10/05 v2.5k e-TeX tools for LaTeX (JAW)
\etb@tempcnta=\count310
)
(c:/Users/Noah.Pomeroy/AppData/Roaming/TinyTeX/texmf-dist/tex/latex/mdwtools/fo
otnote.sty
Package: footnote 1997/01/28 1.13 Save footnotes around boxes
\fn@notes=\box58
\fn@width=\dimen177
)
(c:/Users/Noah.Pomeroy/AppData/Roaming/TinyTeX/texmf-dist/tex/latex/graphics/gr
aphicx.sty
Package: graphicx 2020/09/09 v1.2b Enhanced LaTeX Graphics (DPC,SPQR)

(c:/Users/Noah.Pomeroy/AppData/Roaming/TinyTeX/texmf-dist/tex/latex/graphics/gr
aphics.sty
Package: graphics 2020/08/30 v1.4c Standard LaTeX Graphics (DPC,SPQR)

(c:/Users/Noah.Pomeroy/AppData/Roaming/TinyTeX/texmf-dist/tex/latex/graphics/tr
ig.sty
Package: trig 2016/01/03 v1.10 sin cos tan (DPC)
)
(c:/Users/Noah.Pomeroy/AppData/Roaming/TinyTeX/texmf-dist/tex/latex/graphics-cf
g/graphics.cfg
File: graphics.cfg 2016/06/04 v1.11 sample graphics configuration
)
Package graphics Info: Driver file: xetex.def on input line 105.
)
\Gin@req@height=\dimen178
\Gin@req@width=\dimen179
)
(c:/Users/Noah.Pomeroy/AppData/Roaming/TinyTeX/texmf-dist/tex/latex/amscls/amst
hm.sty
Package: amsthm 2020/05/29 v2.20.6
\thm@style=\toks23
\thm@bodyfont=\toks24
\thm@headfont=\toks25
\thm@notefont=\toks26
\thm@headpunct=\toks27
\thm@preskip=\skip63
\thm@postskip=\skip64
\thm@headsep=\skip65
\dth@everypar=\toks28
)

Package fontspec Info: Calibri scale = 0.928164668228614.


Package fontspec Info: Calibri scale = 0.928164668228614.


Package fontspec Info: Calibri scale = 0.928164668228614.


Package fontspec Info: Calibri/B scale = 0.9194631527892163.


Package fontspec Info: Calibri/B scale = 0.9194631527892163.


Package fontspec Info: Calibri/I scale = 0.9223454730098192.


Package fontspec Info: Calibri/I scale = 0.9223454730098192.


Package fontspec Info: Calibri/BI scale = 0.9194631527892163.


Package fontspec Info: Calibri/BI scale = 0.9194631527892163.


Package fontspec Info: Font family 'Calibri(0)' created for font 'Calibri'
(fontspec)             with options
(fontspec)             [Scale=MatchLowercase,Ligatures=TeX,Scale=1].
(fontspec)              
(fontspec)              This font family consists of the following NFSS
(fontspec)             series/shapes:
(fontspec)              
(fontspec)             - 'normal' (m/n) with NFSS spec.:
(fontspec)             <->s*[1]"Calibri/OT:script=latn;language=dflt;mapping=te
x-text;"
(fontspec)             - 'small caps'  (m/sc) with NFSS spec.:
(fontspec)             <->s*[1]"Calibri/OT:script=latn;language=dflt;+smcp;mapp
ing=tex-text;"
(fontspec)             - 'bold' (b/n) with NFSS spec.:
(fontspec)             <->s*[1]"Calibri/B/OT:script=latn;language=dflt;mapping=
tex-text;"
(fontspec)             - 'bold small caps'  (b/sc) with NFSS spec.:
(fontspec)             <->s*[1]"Calibri/B/OT:script=latn;language=dflt;+smcp;ma
pping=tex-text;"
(fontspec)             - 'italic' (m/it) with NFSS spec.:
(fontspec)             <->s*[1]"Calibri/I/OT:script=latn;language=dflt;mapping=
tex-text;"
(fontspec)             - 'italic small caps'  (m/scit) with NFSS spec.:
(fontspec)             <->s*[1]"Calibri/I/OT:script=latn;language=dflt;+smcp;ma
pping=tex-text;"
(fontspec)             - 'bold italic' (b/it) with NFSS spec.:
(fontspec)             <->s*[1]"Calibri/BI/OT:script=latn;language=dflt;mapping
=tex-text;"
(fontspec)             - 'bold italic small caps'  (b/scit) with NFSS spec.:
(fontspec)             <->s*[1]"Calibri/BI/OT:script=latn;language=dflt;+smcp;m
apping=tex-text;"

LaTeX Font Info:    Font shape `TU/Calibri(0)/m/n' will be
(Font)              scaled to size 10.0pt on input line 121.

Package fontspec Info: Calibri scale = 0.9999967139960766.


Package fontspec Info: Calibri scale = 0.9999967139960766.


Package fontspec Info: Calibri scale = 0.9999967139960766.


Package fontspec Info: Calibri/B scale = 0.9906217753197419.


Package fontspec Info: Calibri/B scale = 0.9906217753197419.


Package fontspec Info: Calibri/I scale = 0.9937271625941661.


Package fontspec Info: Calibri/I scale = 0.9937271625941661.


Package fontspec Info: Calibri/BI scale = 0.9906217753197419.


Package fontspec Info: Calibri/BI scale = 0.9906217753197419.


Package fontspec Info: Font family 'Calibri(1)' created for font 'Calibri'
(fontspec)             with options [Scale=MatchLowercase].
(fontspec)              
(fontspec)              This font family consists of the following NFSS
(fontspec)             series/shapes:
(fontspec)              
(fontspec)             - 'normal' (m/n) with NFSS spec.:
(fontspec)             <->s*[0.9999967139960766]"Calibri/OT:script=latn;languag
e=dflt;"
(fontspec)             - 'small caps'  (m/sc) with NFSS spec.:
(fontspec)             <->s*[0.9999967139960766]"Calibri/OT:script=latn;languag
e=dflt;+smcp;"
(fontspec)             - 'bold' (b/n) with NFSS spec.:
(fontspec)             <->s*[0.9906217753197419]"Calibri/B/OT:script=latn;langu
age=dflt;"
(fontspec)             - 'bold small caps'  (b/sc) with NFSS spec.:
(fontspec)             <->s*[0.9906217753197419]"Calibri/B/OT:script=latn;langu
age=dflt;+smcp;"
(fontspec)             - 'italic' (m/it) with NFSS spec.:
(fontspec)             <->s*[0.9937271625941661]"Calibri/I/OT:script=latn;langu
age=dflt;"
(fontspec)             - 'italic small caps'  (m/scit) with NFSS spec.:
(fontspec)             <->s*[0.9937271625941661]"Calibri/I/OT:script=latn;langu
age=dflt;+smcp;"
(fontspec)             - 'bold italic' (b/it) with NFSS spec.:
(fontspec)             <->s*[0.9906217753197419]"Calibri/BI/OT:script=latn;lang
uage=dflt;"
(fontspec)             - 'bold italic small caps'  (b/scit) with NFSS spec.:
(fontspec)             <->s*[0.9906217753197419]"Calibri/BI/OT:script=latn;lang
uage=dflt;+smcp;"

LaTeX Font Info:    Overwriting math alphabet `\mathrm' in version `normal'
(Font)                  OT1/lmr/m/n --> TU/Calibri(1)/m/n on input line 121.
LaTeX Font Info:    Overwriting math alphabet `\mathit' in version `normal'
(Font)                  OT1/lmr/m/it --> TU/Calibri(1)/m/it on input line 121.
LaTeX Font Info:    Overwriting math alphabet `\mathbf' in version `normal'
(Font)                  OT1/lmr/bx/n --> TU/Calibri(1)/b/n on input line 121.

(c:/Users/Noah.Pomeroy/AppData/Roaming/TinyTeX/texmf-dist/tex/latex/natbib/natb
ib.sty
Package: natbib 2010/09/13 8.31b (PWD, AO)
\bibhang=\skip66
\bibsep=\skip67
LaTeX Info: Redefining \cite on input line 694.
\c@NAT@ctr=\count311
)
No file OMG.aux.
\openout1 = `OMG.aux'.

LaTeX Font Info:    Checking defaults for OML/cmm/m/it on input line 138.
LaTeX Font Info:    ... okay on input line 138.
LaTeX Font Info:    Checking defaults for OMS/cmsy/m/n on input line 138.
LaTeX Font Info:    ... okay on input line 138.
LaTeX Font Info:    Checking defaults for OT1/cmr/m/n on input line 138.
LaTeX Font Info:    ... okay on input line 138.
LaTeX Font Info:    Checking defaults for T1/cmr/m/n on input line 138.
LaTeX Font Info:    ... okay on input line 138.
LaTeX Font Info:    Checking defaults for TS1/cmr/m/n on input line 138.
LaTeX Font Info:    ... okay on input line 138.
LaTeX Font Info:    Checking defaults for TU/lmr/m/n on input line 138.
LaTeX Font Info:    ... okay on input line 138.
LaTeX Font Info:    Checking defaults for OMX/cmex/m/n on input line 138.
LaTeX Font Info:    ... okay on input line 138.
LaTeX Font Info:    Checking defaults for U/cmr/m/n on input line 138.
LaTeX Font Info:    ... okay on input line 138.
LaTeX Font Info:    Checking defaults for PD1/pdf/m/n on input line 138.
LaTeX Font Info:    ... okay on input line 138.
LaTeX Font Info:    Checking defaults for PU/pdf/m/n on input line 138.
LaTeX Font Info:    ... okay on input line 138.
LaTeX Font Info:    Overwriting math alphabet `\mathsf' in version `normal'
(Font)                  OT1/lmss/m/n --> TU/lmss/m/n on input line 138.
LaTeX Font Info:    Overwriting math alphabet `\mathsf' in version `bold'
(Font)                  OT1/lmss/bx/n --> TU/lmss/b/n on input line 138.
LaTeX Font Info:    Overwriting math alphabet `\mathtt' in version `normal'
(Font)                  OT1/lmtt/m/n --> TU/lmtt/m/n on input line 138.
LaTeX Font Info:    Overwriting math alphabet `\mathtt' in version `bold'
(Font)                  OT1/lmtt/m/n --> TU/lmtt/b/n on input line 138.

Package fontspec Info: latinmodern-math scale = 1.077387674758639.


Package fontspec Info: latinmodern-math scale = 1.077387674758639.


Package fontspec Info: latinmodern-math scale = 1.077387674758639.


Package fontspec Info: Font family 'latinmodern-math.otf(0)' created for font
(fontspec)             'latinmodern-math.otf' with options
(fontspec)             [Scale=MatchLowercase,BoldItalicFont={},ItalicFont={},Sm
allCapsFont={},Script=Math,BoldFont={latinmodern-math.otf}].
(fontspec)              
(fontspec)              This font family consists of the following NFSS
(fontspec)             series/shapes:
(fontspec)              
(fontspec)             - 'normal' (m/n) with NFSS spec.:
(fontspec)             <->s*[1.077387674758639]"[latinmodern-math.otf]/OT:scrip
t=math;language=dflt;"
(fontspec)             - 'small caps'  (m/sc) with NFSS spec.: 
(fontspec)             - 'bold' (b/n) with NFSS spec.:
(fontspec)             <->s*[1.077387674758639]"[latinmodern-math.otf]/OT:scrip
t=math;language=dflt;"
(fontspec)             - 'bold small caps'  (b/sc) with NFSS spec.: 

LaTeX Font Info:    Font shape `TU/latinmodern-math.otf(0)/m/n' will be
(Font)              scaled to size 10.77393pt on input line 138.

Package fontspec Info: latinmodern-math scale = 1.077387674758639.


Package fontspec Info: latinmodern-math scale = 1.077387674758639.


Package fontspec Info: latinmodern-math scale = 1.077387674758639.


Package fontspec Info: latinmodern-math scale = 1.077387674758639.


Package fontspec Info: latinmodern-math scale = 1.077387674758639.


Package fontspec Info: Font family 'latinmodern-math.otf(1)' created for font
(fontspec)             'latinmodern-math.otf' with options
(fontspec)             [Scale=MatchLowercase,BoldItalicFont={},ItalicFont={},Sm
allCapsFont={},Script=Math,SizeFeatures={{Size=8.5-},{Size=6-8.5,Font=latinmode
rn-math.otf,Style=MathScript},{Size=-6,Font=latinmodern-math.otf,Style=MathScri
ptScript}},BoldFont={latinmodern-math.otf}].
(fontspec)              
(fontspec)              This font family consists of the following NFSS
(fontspec)             series/shapes:
(fontspec)              
(fontspec)             - 'normal' (m/n) with NFSS spec.:
(fontspec)             <8.5->s*[1.077387674758639]"[latinmodern-math.otf]/OT:sc
ript=math;language=dflt;"<6-8.5>s*[1.077387674758639]"[latinmodern-math.otf]/OT
:script=math;language=dflt;+ssty=0;"<-6>s*[1.077387674758639]"[latinmodern-math
.otf]/OT:script=math;language=dflt;+ssty=1;"
(fontspec)             - 'small caps'  (m/sc) with NFSS spec.: 
(fontspec)             - 'bold' (b/n) with NFSS spec.:
(fontspec)             <->s*[1.077387674758639]"[latinmodern-math.otf]/OT:scrip
t=math;language=dflt;"
(fontspec)             - 'bold small caps'  (b/sc) with NFSS spec.: 

LaTeX Font Info:    Font shape `TU/latinmodern-math.otf(1)/m/n' will be
(Font)              scaled to size 10.77393pt on input line 138.
LaTeX Font Info:    Encoding `OT1' has changed to `TU' for symbol font
(Font)              `operators' in the math version `normal' on input line 138.

LaTeX Font Info:    Overwriting symbol font `operators' in version `normal'
(Font)                  OT1/lmr/m/n --> TU/latinmodern-math.otf(1)/m/n on input
 line 138.
LaTeX Font Info:    Encoding `OT1' has changed to `TU' for symbol font
(Font)              `operators' in the math version `bold' on input line 138.
LaTeX Font Info:    Overwriting symbol font `operators' in version `bold'
(Font)                  OT1/lmr/bx/n --> TU/latinmodern-math.otf(1)/b/n on inpu
t line 138.

Package fontspec Info: latinmodern-math scale = 1.077387674758639.


Package fontspec Info: latinmodern-math scale = 1.077495413526115.


Package fontspec Info: latinmodern-math scale = 1.077387674758639.


Package fontspec Info: latinmodern-math scale = 1.077495413526115.


Package fontspec Info: latinmodern-math scale = 1.077387674758639.


Package fontspec Info: latinmodern-math scale = 1.077495413526115.


Package fontspec Info: latinmodern-math scale = 1.077387674758639.


Package fontspec Info: latinmodern-math scale = 1.077495413526115.


Package fontspec Info: latinmodern-math scale = 1.077387674758639.


Package fontspec Info: latinmodern-math scale = 1.077495413526115.


Package fontspec Info: Font family 'latinmodern-math.otf(2)' created for font
(fontspec)             'latinmodern-math.otf' with options
(fontspec)             [Scale=MatchLowercase,BoldItalicFont={},ItalicFont={},Sm
allCapsFont={},Script=Math,SizeFeatures={{Size=8.5-},{Size=6-8.5,Font=latinmode
rn-math.otf,Style=MathScript},{Size=-6,Font=latinmodern-math.otf,Style=MathScri
ptScript}},BoldFont={latinmodern-math.otf},ScaleAgain=1.0001,FontAdjustment={\f
ontdimen
(fontspec)             8\font =7.29395pt\relax \fontdimen 9\font
(fontspec)             =4.24493pt\relax \fontdimen 10\font =4.78363pt\relax
(fontspec)             \fontdimen 11\font =7.39091pt\relax \fontdimen 12\font
(fontspec)             =3.71701pt\relax \fontdimen 13\font =3.91093pt\relax
(fontspec)             \fontdimen 14\font =3.91093pt\relax \fontdimen 15\font
(fontspec)             =3.11366pt\relax \fontdimen 16\font =2.66116pt\relax
(fontspec)             \fontdimen 17\font =2.66116pt\relax \fontdimen 18\font
(fontspec)             =2.69348pt\relax \fontdimen 19\font =2.15479pt\relax
(fontspec)             \fontdimen 22\font =2.69348pt\relax \fontdimen 20\font
(fontspec)             =0pt\relax \fontdimen 21\font =0pt\relax }].
(fontspec)              
(fontspec)              This font family consists of the following NFSS
(fontspec)             series/shapes:
(fontspec)              
(fontspec)             - 'normal' (m/n) with NFSS spec.:
(fontspec)             <8.5->s*[1.077495413526115]"[latinmodern-math.otf]/OT:sc
ript=math;language=dflt;"<6-8.5>s*[1.077495413526115]"[latinmodern-math.otf]/OT
:script=math;language=dflt;+ssty=0;"<-6>s*[1.077495413526115]"[latinmodern-math
.otf]/OT:script=math;language=dflt;+ssty=1;"
(fontspec)             - 'small caps'  (m/sc) with NFSS spec.: 
(fontspec)             and font adjustment code:
(fontspec)             \fontdimen 8\font =7.29395pt\relax \fontdimen 9\font
(fontspec)             =4.24493pt\relax \fontdimen 10\font =4.78363pt\relax
(fontspec)             \fontdimen 11\font =7.39091pt\relax \fontdimen 12\font
(fontspec)             =3.71701pt\relax \fontdimen 13\font =3.91093pt\relax
(fontspec)             \fontdimen 14\font =3.91093pt\relax \fontdimen 15\font
(fontspec)             =3.11366pt\relax \fontdimen 16\font =2.66116pt\relax
(fontspec)             \fontdimen 17\font =2.66116pt\relax \fontdimen 18\font
(fontspec)             =2.69348pt\relax \fontdimen 19\font =2.15479pt\relax
(fontspec)             \fontdimen 22\font =2.69348pt\relax \fontdimen 20\font
(fontspec)             =0pt\relax \fontdimen 21\font =0pt\relax 
(fontspec)             - 'bold' (b/n) with NFSS spec.:
(fontspec)             <->s*[1.077495413526115]"[latinmodern-math.otf]/OT:scrip
t=math;language=dflt;"
(fontspec)             - 'bold small caps'  (b/sc) with NFSS spec.: 
(fontspec)             and font adjustment code:
(fontspec)             \fontdimen 8\font =7.29395pt\relax \fontdimen 9\font
(fontspec)             =4.24493pt\relax \fontdimen 10\font =4.78363pt\relax
(fontspec)             \fontdimen 11\font =7.39091pt\relax \fontdimen 12\font
(fontspec)             =3.71701pt\relax \fontdimen 13\font =3.91093pt\relax
(fontspec)             \fontdimen 14\font =3.91093pt\relax \fontdimen 15\font
(fontspec)             =3.11366pt\relax \fontdimen 16\font =2.66116pt\relax
(fontspec)             \fontdimen 17\font =2.66116pt\relax \fontdimen 18\font
(fontspec)             =2.69348pt\relax \fontdimen 19\font =2.15479pt\relax
(fontspec)             \fontdimen 22\font =2.69348pt\relax \fontdimen 20\font
(fontspec)             =0pt\relax \fontdimen 21\font =0pt\relax 

LaTeX Font Info:    Encoding `OMS' has changed to `TU' for symbol font
(Font)              `symbols' in the math version `normal' on input line 138.
LaTeX Font Info:    Overwriting symbol font `symbols' in version `normal'
(Font)                  OMS/lmsy/m/n --> TU/latinmodern-math.otf(2)/m/n on inpu
t line 138.
LaTeX Font Info:    Encoding `OMS' has changed to `TU' for symbol font
(Font)              `symbols' in the math version `bold' on input line 138.
LaTeX Font Info:    Overwriting symbol font `symbols' in version `bold'
(Font)                  OMS/lmsy/b/n --> TU/latinmodern-math.otf(2)/b/n on inpu
t line 138.

Package fontspec Info: latinmodern-math scale = 1.077387674758639.


Package fontspec Info: latinmodern-math scale = 1.077279935991163.


Package fontspec Info: latinmodern-math scale = 1.077387674758639.


Package fontspec Info: latinmodern-math scale = 1.077279935991163.


Package fontspec Info: latinmodern-math scale = 1.077387674758639.


Package fontspec Info: latinmodern-math scale = 1.077279935991163.


Package fontspec Info: latinmodern-math scale = 1.077387674758639.


Package fontspec Info: latinmodern-math scale = 1.077279935991163.


Package fontspec Info: latinmodern-math scale = 1.077387674758639.


Package fontspec Info: latinmodern-math scale = 1.077279935991163.


Package fontspec Info: Font family 'latinmodern-math.otf(3)' created for font
(fontspec)             'latinmodern-math.otf' with options
(fontspec)             [Scale=MatchLowercase,BoldItalicFont={},ItalicFont={},Sm
allCapsFont={},Script=Math,SizeFeatures={{Size=8.5-},{Size=6-8.5,Font=latinmode
rn-math.otf,Style=MathScript},{Size=-6,Font=latinmodern-math.otf,Style=MathScri
ptScript}},BoldFont={latinmodern-math.otf},ScaleAgain=0.9999,FontAdjustment={\f
ontdimen
(fontspec)             8\font =0.43095pt\relax \fontdimen 9\font
(fontspec)             =2.15479pt\relax \fontdimen 10\font =1.79924pt\relax
(fontspec)             \fontdimen 11\font =1.1959pt\relax \fontdimen 12\font
(fontspec)             =6.46436pt\relax \fontdimen 13\font =0pt\relax }].
(fontspec)              
(fontspec)              This font family consists of the following NFSS
(fontspec)             series/shapes:
(fontspec)              
(fontspec)             - 'normal' (m/n) with NFSS spec.:
(fontspec)             <8.5->s*[1.077279935991163]"[latinmodern-math.otf]/OT:sc
ript=math;language=dflt;"<6-8.5>s*[1.077279935991163]"[latinmodern-math.otf]/OT
:script=math;language=dflt;+ssty=0;"<-6>s*[1.077279935991163]"[latinmodern-math
.otf]/OT:script=math;language=dflt;+ssty=1;"
(fontspec)             - 'small caps'  (m/sc) with NFSS spec.: 
(fontspec)             and font adjustment code:
(fontspec)             \fontdimen 8\font =0.43095pt\relax \fontdimen 9\font
(fontspec)             =2.15479pt\relax \fontdimen 10\font =1.79924pt\relax
(fontspec)             \fontdimen 11\font =1.1959pt\relax \fontdimen 12\font
(fontspec)             =6.46436pt\relax \fontdimen 13\font =0pt\relax 
(fontspec)             - 'bold' (b/n) with NFSS spec.:
(fontspec)             <->s*[1.077279935991163]"[latinmodern-math.otf]/OT:scrip
t=math;language=dflt;"
(fontspec)             - 'bold small caps'  (b/sc) with NFSS spec.: 
(fontspec)             and font adjustment code:
(fontspec)             \fontdimen 8\font =0.43095pt\relax \fontdimen 9\font
(fontspec)             =2.15479pt\relax \fontdimen 10\font =1.79924pt\relax
(fontspec)             \fontdimen 11\font =1.1959pt\relax \fontdimen 12\font
(fontspec)             =6.46436pt\relax \fontdimen 13\font =0pt\relax 

LaTeX Font Info:    Encoding `OMX' has changed to `TU' for symbol font
(Font)              `largesymbols' in the math version `normal' on input line 1
38.
LaTeX Font Info:    Overwriting symbol font `largesymbols' in version `normal'
(Font)                  OMX/lmex/m/n --> TU/latinmodern-math.otf(3)/m/n on inpu
t line 138.
LaTeX Font Info:    Encoding `OMX' has changed to `TU' for symbol font
(Font)              `largesymbols' in the math version `bold' on input line 138
.
LaTeX Font Info:    Overwriting symbol font `largesymbols' in version `bold'
(Font)                  OMX/lmex/m/n --> TU/latinmodern-math.otf(3)/b/n on inpu
t line 138.
Package hyperref Info: Link coloring OFF on input line 138.

(c:/Users/Noah.Pomeroy/AppData/Roaming/TinyTeX/texmf-dist/tex/latex/hyperref/na
meref.sty
Package: nameref 2021-04-02 v2.47 Cross-referencing by name of section

(c:/Users/Noah.Pomeroy/AppData/Roaming/TinyTeX/texmf-dist/tex/latex/refcount/re
fcount.sty
Package: refcount 2019/12/15 v3.6 Data extraction from label references (HO)
)
(c:/Users/Noah.Pomeroy/AppData/Roaming/TinyTeX/texmf-dist/tex/generic/gettitles
tring/gettitlestring.sty
Package: gettitlestring 2019/12/15 v1.6 Cleanup title references (HO)
)
\c@section@level=\count312
)
LaTeX Info: Redefining \ref on input line 138.
LaTeX Info: Redefining \pageref on input line 138.
LaTeX Info: Redefining \nameref on input line 138.
\@outlinefile=\write4
\openout4 = `OMG.out'.


Package hyperref Warning: Rerun to get /PageLabels entry.

LaTeX Font Info:    Font shape `TU/Calibri(0)/m/n' will be
(Font)              scaled to size 17.28pt on input line 140.
LaTeX Font Info:    Font shape `TU/Calibri(0)/m/n' will be
(Font)              scaled to size 12.0pt on input line 140.
LaTeX Font Info:    Font shape `TU/latinmodern-math.otf(1)/m/n' will be
(Font)              scaled to size 12.92871pt on input line 140.
LaTeX Font Info:    Font shape `TU/latinmodern-math.otf(1)/m/n' will be
(Font)              scaled to size 8.61914pt on input line 140.
LaTeX Font Info:    Font shape `TU/latinmodern-math.otf(1)/m/n' will be
(Font)              scaled to size 6.46436pt on input line 140.
LaTeX Font Info:    Trying to load font information for OML+lmm on input line 1
40.

(c:/Users/Noah.Pomeroy/AppData/Roaming/TinyTeX/texmf-dist/tex/latex/lm/omllmm.f
d
File: omllmm.fd 2015/05/01 v1.6.1 Font defs for Latin Modern
)
LaTeX Font Info:    Font shape `TU/latinmodern-math.otf(2)/m/n' will be
(Font)              scaled to size 12.93pt on input line 140.
LaTeX Font Info:    Font shape `TU/latinmodern-math.otf(2)/m/n' will be
(Font)              scaled to size 8.62pt on input line 140.
LaTeX Font Info:    Font shape `TU/latinmodern-math.otf(2)/m/n' will be
(Font)              scaled to size 6.465pt on input line 140.
LaTeX Font Info:    Font shape `TU/latinmodern-math.otf(3)/m/n' will be
(Font)              scaled to size 12.92743pt on input line 140.
LaTeX Font Info:    Font shape `TU/latinmodern-math.otf(3)/m/n' will be
(Font)              scaled to size 8.61829pt on input line 140.
LaTeX Font Info:    Font shape `TU/latinmodern-math.otf(3)/m/n' will be
(Font)              scaled to size 6.46371pt on input line 140.
LaTeX Font Info:    Trying to load font information for U+msa on input line 140
.

(c:/Users/Noah.Pomeroy/AppData/Roaming/TinyTeX/texmf-dist/tex/latex/amsfonts/um
sa.fd
File: umsa.fd 2013/01/14 v3.01 AMS symbols A
)
LaTeX Font Info:    Trying to load font information for U+msb on input line 140
.

(c:/Users/Noah.Pomeroy/AppData/Roaming/TinyTeX/texmf-dist/tex/latex/amsfonts/um
sb.fd
File: umsb.fd 2013/01/14 v3.01 AMS symbols B
) [1


]
LaTeX Font Info:    Font shape `TU/Calibri(0)/m/sl' in size <10> not available
(Font)              Font shape `TU/Calibri(0)/m/it' tried instead on input line
 143.
LaTeX Font Info:    Font shape `TU/Calibri(0)/m/it' will be
(Font)              scaled to size 10.0pt on input line 143.
[2

]
LaTeX Font Info:    Font shape `TU/Calibri(0)/m/n' will be
(Font)              scaled to size 24.88pt on input line 143.
LaTeX Font Info:    Font shape `TU/Calibri(0)/b/n' will be
(Font)              scaled to size 24.88pt on input line 143.
\tf@toc=\write5
\openout5 = `OMG.toc'.


Overfull \hbox (12.0pt too wide) in paragraph at lines 167--167
[]\TU/lmtt/m/n/10 ## Warning: package []leaflet.extras[] was built under R vers
ion 4.0.5[] 
 []

[3] [4

]
File: images/OCC_Team_March_2020.jpg Graphic file (type bmp)
<images/OCC_Team_March_2020.jpg>

Overfull \hbox (94.86731pt too wide) in paragraph at lines 186--188
[]\TU/Calibri(0)/m/n/10 The OCC Team Topside: [] 
 []

File: images/OCC_Diurnal_Suite_Recovery_CJS.jpg Graphic file (type bmp)
<images/OCC_Diurnal_Suite_Recovery_CJS.jpg>

Overfull \hbox (85.28902pt too wide) in paragraph at lines 195--197
[]\TU/Calibri(0)/m/n/10 At work underwater: [] 
 []

[5]
LaTeX Font Info:    Font shape `TU/Calibri(0)/m/n' will be
(Font)              scaled to size 14.4pt on input line 199.
LaTeX Font Info:    Font shape `TU/Calibri(0)/b/n' will be
(Font)              scaled to size 14.4pt on input line 199.
[6]
Chapter 1.
LaTeX Font Info:    Font shape `TU/Calibri(0)/m/n' will be
(Font)              scaled to size 20.74pt on input line 203.
LaTeX Font Info:    Font shape `TU/Calibri(0)/b/n' will be
(Font)              scaled to size 20.74pt on input line 203.
LaTeX Font Info:    Font shape `TU/Calibri(0)/b/n' will be
(Font)              scaled to size 10.0pt on input line 211.
[7

] [8] [9

] [10]
Chapter 2.
[11

] [12

]
Chapter 3.
[13] [14

]
Chapter 4.
[15] [16

] [17] [18]
Chapter 5.
File: images/Sette_Big_Island_2010_Pomeroy.jpg Graphic file (type bmp)
<images/Sette_Big_Island_2010_Pomeroy.jpg>

Underfull \vbox (badness 2635) has occurred while \output is active []

[19

]
Underfull \hbox (badness 2261) in paragraph at lines 326--328
[]\TU/Calibri(0)/m/n/10 Print enough data sheets for all activities, including 
mooring, CAU,
 []


Overfull \hbox (1.7862pt too wide) in paragraph at lines 343--343
[]|\TU/Calibri(0)/m/n/10 Team 
 []


Overfull \hbox (33.34206pt too wide) in paragraph at lines 343--343
[]|\TU/Calibri(0)/m/n/10 Manufacturer|  
 []


Overfull \hbox (19.48776pt too wide) in paragraph at lines 343--343
[]|\TU/Calibri(0)/m/n/10 Instrument|  
 []


Overfull \hbox (6.03249pt too wide) in paragraph at lines 347--347
[]|\TU/Calibri(0)/m/n/10 Google|  
 []


Overfull \hbox (10.76881pt too wide) in paragraph at lines 348--348
[]|\TU/Calibri(0)/m/n/10 Keyspan|  
 []

LaTeX Font Info:    Font shape `TU/latinmodern-math.otf(1)/m/n' will be
(Font)              scaled to size 7.54175pt on input line 348.
LaTeX Font Info:    Font shape `TU/latinmodern-math.otf(1)/m/n' will be
(Font)              scaled to size 5.38696pt on input line 348.
LaTeX Font Info:    Font shape `TU/latinmodern-math.otf(2)/m/n' will be
(Font)              scaled to size 10.775pt on input line 348.
LaTeX Font Info:    Font shape `TU/latinmodern-math.otf(2)/m/n' will be
(Font)              scaled to size 7.5425pt on input line 348.
LaTeX Font Info:    Font shape `TU/latinmodern-math.otf(2)/m/n' will be
(Font)              scaled to size 5.3875pt on input line 348.
LaTeX Font Info:    Font shape `TU/latinmodern-math.otf(3)/m/n' will be
(Font)              scaled to size 10.77286pt on input line 348.
LaTeX Font Info:    Font shape `TU/latinmodern-math.otf(3)/m/n' will be
(Font)              scaled to size 7.541pt on input line 348.
LaTeX Font Info:    Font shape `TU/latinmodern-math.otf(3)/m/n' will be
(Font)              scaled to size 5.38643pt on input line 348.

Overfull \hbox (16.21315pt too wide) in paragraph at lines 349--349
[]|\TU/Calibri(0)/m/n/10 Microsoft|  
 []


Overfull \hbox (16.21315pt too wide) in paragraph at lines 350--350
[]|\TU/Calibri(0)/m/n/10 Microsoft|  
 []


Overfull \hbox (20.72975pt too wide) in paragraph at lines 351--351
[]|\TU/Calibri(0)/m/n/10 Minnesota 
 []


Overfull \hbox (20.72975pt too wide) in paragraph at lines 352--352
[]|\TU/Calibri(0)/m/n/10 Minnesota 
 []


Overfull \hbox (5.178pt too wide) in paragraph at lines 353--353
[]|\TU/Calibri(0)/m/n/10 Nortek|  
 []


Overfull \hbox (16.47018pt too wide) in paragraph at lines 353--353
[]|\TU/Calibri(0)/m/n/10 Aquadopp 
 []


Overfull \hbox (3.06862pt too wide) in paragraph at lines 354--354
[]|\TU/Calibri(0)/m/n/10 Ocean 
 []


Overfull \hbox (2.58522pt too wide) in paragraph at lines 354--354
\TU/Calibri(0)/m/n/10 ments|  
 []


Overfull \hbox (6.33522pt too wide) in paragraph at lines 355--355
[]|\TU/Calibri(0)/m/n/10 Paralax 
 []


Overfull \hbox (6.13014pt too wide) in paragraph at lines 356--356
[]|\TU/Calibri(0)/m/n/10 Python|  
 []


Overfull \hbox (11.88698pt too wide) in paragraph at lines 357--357
[]|\TU/Calibri(0)/m/n/10 Satlantic|  
 []


Overfull \hbox (1.43112pt too wide) in paragraph at lines 357--357
[]|\TU/Calibri(0)/m/n/10 SeaFet|  
 []


Overfull \hbox (7.89772pt too wide) in paragraph at lines 358--358
[]|\TU/Calibri(0)/m/n/10 SeaBird|  
 []


Overfull \hbox (1.89987pt too wide) in paragraph at lines 358--358
[]|\TU/Calibri(0)/m/n/10 SBE39, 
 []


Overfull \hbox (1.89987pt too wide) in paragraph at lines 358--358
\TU/Calibri(0)/m/n/10 SBE19, 
 []


Overfull \hbox (4.38522pt too wide) in paragraph at lines 358--358
\TU/Calibri(0)/m/n/10 SBE19+|  
 []


Overfull \hbox (7.89772pt too wide) in paragraph at lines 359--359
[]|\TU/Calibri(0)/m/n/10 SeaBird|  
 []


Overfull \hbox (3.60886pt too wide) in paragraph at lines 359--359
[]|\TU/Calibri(0)/m/n/10 sbe19+ 
 []


Overfull \hbox (7.89772pt too wide) in paragraph at lines 360--360
[]|\TU/Calibri(0)/m/n/10 SeaBird|  
 []

[20] [21]
LaTeX Font Info:    Font shape `TU/Calibri(0)/b/n' will be
(Font)              scaled to size 12.0pt on input line 386.
[22]
Chapter 6.
[23

] [24]
File: images/BOD_bottle_headspace.png Graphic file (type bmp)
<images/BOD_bottle_headspace.png>
[25]
File: images/Saturated-Mercuric-Chloride-SDS_Page_1.png Graphic file (type bmp)

<images/Saturated-Mercuric-Chloride-SDS_Page_1.png>
File: images/Saturated-Mercuric-Chloride-SDS_Page_2.png Graphic file (type bmp)

<images/Saturated-Mercuric-Chloride-SDS_Page_2.png>
File: images/Saturated-Mercuric-Chloride-SDS_Page_3.png Graphic file (type bmp)

<images/Saturated-Mercuric-Chloride-SDS_Page_3.png>
File: images/Saturated-Mercuric-Chloride-SDS_Page_4.png Graphic file (type bmp)

<images/Saturated-Mercuric-Chloride-SDS_Page_4.png>
File: images/Saturated-Mercuric-Chloride-SDS_Page_5.png Graphic file (type bmp)

<images/Saturated-Mercuric-Chloride-SDS_Page_5.png>
File: images/Saturated-Mercuric-Chloride-SDS_Page_6.png Graphic file (type bmp)

<images/Saturated-Mercuric-Chloride-SDS_Page_6.png>
File: images/Saturated-Mercuric-Chloride-SDS_Page_7.png Graphic file (type bmp)

<images/Saturated-Mercuric-Chloride-SDS_Page_7.png>
File: images/Saturated-Mercuric-Chloride-SDS_Page_8.png Graphic file (type bmp)

<images/Saturated-Mercuric-Chloride-SDS_Page_8.png>
File: images/Saturated-Mercuric-Chloride-SDS_Page_9.png Graphic file (type bmp)

<images/Saturated-Mercuric-Chloride-SDS_Page_9.png>
File: images/Saturated-Mercuric-Chloride-SDS_Page_1.png Graphic file (type bmp)

<images/Saturated-Mercuric-Chloride-SDS_Page_1.png>

Underfull \vbox (badness 10000) has occurred while \output is active []

[26]
Underfull \vbox (badness 10000) has occurred while \output is active []

[27]
Overfull \vbox (369.03392pt too high) has occurred while \output is active []

[28]
Underfull \vbox (badness 10000) has occurred while \output is active []

[29]
Underfull \vbox (badness 10000) has occurred while \output is active []

[30]
Underfull \vbox (badness 10000) has occurred while \output is active []

[31]
Underfull \vbox (badness 10000) has occurred while \output is active []

[32]
Underfull \vbox (badness 10000) has occurred while \output is active []

[33]
Underfull \vbox (badness 10000) has occurred while \output is active []

[34]
Underfull \vbox (badness 10000) has occurred while \output is active []

[35] [36]
Chapter 7.
File: images/d_suite_deploy_small.jpg Graphic file (type bmp)
<images/d_suite_deploy_small.jpg>
[37

] [38]
Chapter 8.
File: images/Merritt_Coring_by_Pomeroy.jpg Graphic file (type bmp)
<images/Merritt_Coring_by_Pomeroy.jpg>

Underfull \hbox (badness 10000) in paragraph at lines 549--551
[][] \TU/Calibri(0)/m/n/10 Coral Coring at
 []

[39

] [40

]
Chapter 9.
[41] [42] [43] [44

]
Chapter 10.
[45] [46

]
Chapter 11.
[47] [48

] [49] [50]
Chapter 12.
File: images/STR_party_2019.jpg Graphic file (type bmp)
<images/STR_party_2019.jpg>

Underfull \vbox (badness 10000) has occurred while \output is active []

[51

] [52]
File: images/SBE56_program_step_1.jpg Graphic file (type bmp)
<images/SBE56_program_step_1.jpg>

Overfull \hbox (253.7687pt too wide) in paragraph at lines 860--863
[]\TU/Calibri(0)/m/n/10 Open SeatermV2 and select SBE56 from the instruments me
nu. [] 
 []

[53]
File: images/SBE56_connect.jpg Graphic file (type bmp)
<images/SBE56_connect.jpg>

Overfull \hbox (115.37651pt too wide) in paragraph at lines 863--866
\TU/Calibri(0)/m/n/10 your PC via a USB mini cable. [] 
 []

File: images/SBE56_program_step_2.jpg Graphic file (type bmp)
<images/SBE56_program_step_2.jpg>

Underfull \hbox (badness 2393) in paragraph at lines 866--869
[]\TU/Calibri(0)/m/n/10 When a successful connection is made, you will notice a
 Device Iden-
 []


Underfull \hbox (badness 5008) in paragraph at lines 866--869
\TU/Calibri(0)/m/n/10 tified notification in the bottom left of the screen and
 you will see
 []


Underfull \hbox (badness 2165) in paragraph at lines 866--869
\TU/Calibri(0)/m/n/10 the serial number of the unit you have connected to in th
e upper left
 []


Underfull \hbox (badness 10000) in paragraph at lines 866--869
\TU/Calibri(0)/m/n/10 of the application window and in the current configuratio
n window.
 []

[54]
File: images/SBE56_program_step_3.jpg Graphic file (type bmp)
<images/SBE56_program_step_3.jpg>

Overfull \hbox (105.00323pt too wide) in paragraph at lines 873--876
\TU/Calibri(0)/m/n/10 GreenWich Mean Time. [] 
 []

File: images/SBE56_program_step_4.jpg Graphic file (type bmp)
<images/SBE56_program_step_4.jpg>

Underfull \vbox (badness 10000) has occurred while \output is active []

[55] [56]
Chapter 13.
[57

] [58]
Underfull \hbox (badness 10000) in paragraph at lines 1068--1070

 []

[59] [60]
Chapter 14.

Underfull \hbox (badness 1057) in paragraph at lines 1106--1106
[]\TU/Calibri(0)/b/n/14.4 Conditioning the SeaFet in seawater at least 24
 []

[61

] [62] [63] [64]
Underfull \vbox (badness 10000) detected at line 1316
 []


Underfull \vbox (badness 10000) detected at line 1324
 []

[65] [66] [67] [68

]
Chapter 15.
[69] [70] [71]
File: images/PUC_bag_pop.png Graphic file (type bmp)
<images/PUC_bag_pop.png>

Overfull \hbox (297.41805pt too wide) in paragraph at lines 1576--1577
[][] 
 []


Underfull \vbox (badness 10000) has occurred while \output is active []

[72] [73] [74] [75] [76

]
Chapter 16.
[77]
LaTeX Font Info:    Font shape `TU/Calibri(0)/m/n' will be
(Font)              scaled to size 11.99997pt on input line 1732.
[78]
Chapter 17.

Package natbib Warning: Citation `ta' on page 79 undefined on input line 1772.

[79

] [80

]
Chapter 18.
File: images/CAU.jpg Graphic file (type bmp)
<images/CAU.jpg>
File: images/CAU_assembly.jpg Graphic file (type bmp)
<images/CAU_assembly.jpg>

Underfull \vbox (badness 10000) has occurred while \output is active []

[81]
File: images/AssemblyEquipment1.jpg Graphic file (type bmp)
<images/AssemblyEquipment1.jpg>
File: images/AssemblyEquipment2.jpg Graphic file (type bmp)
<images/AssemblyEquipment2.jpg>

Underfull \vbox (badness 10000) has occurred while \output is active []

[82]
Underfull \vbox (badness 10000) has occurred while \output is active []

[83]
Overfull \vbox (13.853pt too high) has occurred while \output is active []

[84]
File: images/CauEquipment1.jpg Graphic file (type bmp)
<images/CauEquipment1.jpg>
File: images/CauEquipment2.jpg Graphic file (type bmp)
<images/CauEquipment2.jpg>

Underfull \hbox (badness 10000) in paragraph at lines 1806--1808
[]
 []


Underfull \vbox (badness 10000) has occurred while \output is active []

[85]
Overfull \vbox (215.35924pt too high) has occurred while \output is active []

[86]
File: images/CAU_table.jpg Graphic file (type bmp)
<images/CAU_table.jpg>

Underfull \hbox (badness 4072) in paragraph at lines 1824--1825
[]\TU/Calibri(0)/m/n/10 Assign a unique ID to both plates of each Calcification
 Accretion Unit
 []


Underfull \hbox (badness 1867) in paragraph at lines 1824--1825
\TU/Calibri(0)/m/n/10 (CAU) using the \TU/Calibri(0)/b/n/10 CAU Plate ID \TU/Ca
libri(0)/m/n/10 naming convention SiteID_RecoveryYear_4-
 []


Overfull \hbox (33.69916pt too wide) in paragraph at lines 1829--1830
[]\TU/Calibri(0)/m/n/10 Using a pencil, \TU/Calibri(0)/b/n/10 pre-label the fol
lowing with the CAU Plate ID (e.g. PAL01_2012_5319_U): 
 []


Underfull \hbox (badness 10000) in paragraph at lines 1835--1837

 []


Underfull \hbox (badness 10000) in paragraph at lines 1837--1839

 []

[87]
File: images/Template1.jpg Graphic file (type bmp)
<images/Template1.jpg>
[88]
File: images/Template2.jpg Graphic file (type bmp)
<images/Template2.jpg>

Underfull \hbox (badness 10000) in paragraph at lines 1875--1877

 []

[89] [90]
File: images/CAU_plate_ID.jpg Graphic file (type bmp)
<images/CAU_plate_ID.jpg>
[91]
File: images/CAU_dried.jpg Graphic file (type bmp)
<images/CAU_dried.jpg>
LaTeX Font Info:    Font shape `TU/Calibri(0)/b/it' will be
(Font)              scaled to size 10.0pt on input line 1962.
File: images/CAU_photograph.jpg Graphic file (type bmp)
<images/CAU_photograph.jpg>

Underfull \vbox (badness 10000) has occurred while \output is active []

[92]
File: images/CAU_image.jpg Graphic file (type bmp)
<images/CAU_image.jpg>
[93] [94] [95]
File: images/CAU_dissolve.jpg Graphic file (type bmp)
<images/CAU_dissolve.jpg>

Underfull \vbox (badness 10000) has occurred while \output is active []

[96] [97]
File: images/CAU_drying.jpg Graphic file (type bmp)
<images/CAU_drying.jpg>
[98]
File: images/CAU_filter.jpg Graphic file (type bmp)
<images/CAU_filter.jpg>
[99]
File: images/CAU_weigh.jpg Graphic file (type bmp)
<images/CAU_weigh.jpg>
[100]
Underfull \hbox (badness 10000) in paragraph at lines 2210--2212

 []

File: images/CAU_bag.jpg Graphic file (type bmp)
<images/CAU_bag.jpg>

Overfull \hbox (19.10742pt too wide) in paragraph at lines 2232--2232
[]\TU/Calibri(0)/b/n/14.4 Camera Tethering and CAU Plate Photo-Documentation
 []

[101]
Overfull \hbox (390.0pt too wide) in paragraph at lines 2243--2243
[]\TU/lmtt/m/n/10 T:\general\ProjectGroup\Ocean Acidification\CAUs\Analysis\CAU
 Processing SOP, Data sheet, Labels\CAU SOPs 2015\CAUSOP_NikonD7000Settings.pdf
[] 
 []

File: images/Camera.jpg Graphic file (type bmp)
<images/Camera.jpg>
[102]
File: images/Camera2.jpg Graphic file (type bmp)
<images/Camera2.jpg>
File: images/Camera3.jpg Graphic file (type bmp)
<images/Camera3.jpg>

Underfull \vbox (badness 10000) has occurred while \output is active []


Overfull \hbox (86.7027pt too wide) has occurred while \output is active
\TU/Calibri(0)/m/it/10 18.3.  CAMERA TETHERING AND CAU PLATE PHOTO-DOCUMENTATIO
N (NIKON CAMERA CONTROL PRO 2) \TU/Calibri(0)/m/n/10 103
 []

[103]
Overfull \hbox (180.0pt too wide) in paragraph at lines 2294--2294
[]\TU/lmtt/m/n/10 b. Click on **Exposure 2** under the Camera Control tabs an
d change the settings of the following:[] 
 []

File: images/Camera4.jpg Graphic file (type bmp)
<images/Camera4.jpg>

Underfull \vbox (badness 10000) has occurred while \output is active []

[104]
Overfull \hbox (169.5pt too wide) in paragraph at lines 2306--2306
[]\TU/lmtt/m/n/10 c. Click on **Storage** under the Camera Control tabs and c
hange the settings of the  following:[] 
 []

File: images/Camera5.jpg Graphic file (type bmp)
<images/Camera5.jpg>

Underfull \vbox (badness 3375) has occurred while \output is active []


Overfull \hbox (86.7027pt too wide) has occurred while \output is active
\TU/Calibri(0)/m/it/10 18.3.  CAMERA TETHERING AND CAU PLATE PHOTO-DOCUMENTATIO
N (NIKON CAMERA CONTROL PRO 2) \TU/Calibri(0)/m/n/10 105
 []

[105]
Overfull \hbox (211.5pt too wide) in paragraph at lines 2315--2315
[]\TU/lmtt/m/n/10 d. Click on **Image Processing** under the Camera Control t
abs and change the settings of the following:[] 
 []

File: images/Camera6.jpg Graphic file (type bmp)
<images/Camera6.jpg>
[106]
File: images/Camera7.jpg Graphic file (type bmp)
<images/Camera7.jpg>

Underfull \vbox (badness 10000) has occurred while \output is active []


Overfull \hbox (86.7027pt too wide) has occurred while \output is active
\TU/Calibri(0)/m/it/10 18.3.  CAMERA TETHERING AND CAU PLATE PHOTO-DOCUMENTATIO
N (NIKON CAMERA CONTROL PRO 2) \TU/Calibri(0)/m/n/10 107
 []

[107]
File: images/Camera8.jpg Graphic file (type bmp)
<images/Camera8.jpg>
[108]
File: images/Camera9.jpg Graphic file (type bmp)
<images/Camera9.jpg>
File: images/Camera10.jpg Graphic file (type bmp)
<images/Camera10.jpg>
File: images/Camera11.jpg Graphic file (type bmp)
<images/Camera11.jpg>

Overfull \hbox (86.7027pt too wide) has occurred while \output is active
\TU/Calibri(0)/m/it/10 18.3.  CAMERA TETHERING AND CAU PLATE PHOTO-DOCUMENTATIO
N (NIKON CAMERA CONTROL PRO 2) \TU/Calibri(0)/m/n/10 109
 []

[109]
! Undefined control sequence.
l.2382   ex: Documents\CAU
                           Analysis\ASRAMP 2015\PHOTO ANALYSIS\SAMOA\SWAINS\...
 
Here is how much of TeX's memory you used:
 17132 strings out of 478893
 309307 string characters out of 5863228
 777927 words of memory out of 5000000
 36699 multiletter control sequences out of 15000+600000
 409993 words of font info for 94 fonts, out of 8000000 for 9000
 14 hyphenation exceptions out of 8191
 98i,8n,125p,1655b,578s stack positions out of 5000i,500n,10000p,200000b,80000s
Output written on OMG.pdf (109 pages).
